<?xml version="1.0" encoding="UTF-8"?>
<testsuite name="Widgets and Alerts" tests="1" skipped="0" failures="0" errors="0" timestamp="2021-04-19T03:05:18" hostname="victor-dell" time="8.11">
  <properties/>
  <testcase name="select option Browser windows" classname="Widgets and Alerts" time="8.11"/>
  <system-out><![CDATA[]]></system-out>
  <system-err><![CDATA[Starting ChromeDriver 90.0.4430.24 (4c6d850f087da467d926e8eddb76550aed655991-refs/branch-heads/4430@{#429}) on port 31348
Only local connections are allowed.
Please see https://chromedriver.chromium.org/security-considerations for suggestions on keeping ChromeDriver safe.
ChromeDriver was started successfully.
abr. 18, 2021 10:05:19 P. M. org.openqa.selenium.remote.ProtocolHandshake createSession
INFORMACIÓN: Detected dialect: W3C
]]></system-err>
</testsuite>
