<?xml version="1.0" encoding="UTF-8"?>
<testsuite name="Inspect radio button" tests="1" skipped="0" failures="0" errors="0" timestamp="2021-04-19T02:13:55" hostname="victor-dell" time="26.796">
  <properties/>
  <testcase name="Select radio button Yes" classname="Inspect radio button" time="26.796"/>
  <system-out><![CDATA[]]></system-out>
  <system-err><![CDATA[Starting ChromeDriver 90.0.4430.24 (4c6d850f087da467d926e8eddb76550aed655991-refs/branch-heads/4430@{#429}) on port 26073
Only local connections are allowed.
Please see https://chromedriver.chromium.org/security-considerations for suggestions on keeping ChromeDriver safe.
ChromeDriver was started successfully.
abr. 18, 2021 9:14:09 P. M. org.openqa.selenium.remote.ProtocolHandshake createSession
INFORMACIÓN: Detected dialect: W3C
]]></system-err>
</testsuite>
